C51 COMPILER V9.54   MAIN                                                                  07/13/2026 18:00:13 PAGE 1   


C51 COMPILER V9.54, COMPILATION OF MODULE MAIN
OBJECT MODULE PLACED IN .\Objects\main.obj
COMPILER INVOKED BY: D:\keil5\C51\BIN\C51.EXE main.c OPTIMIZE(8,SPEED) BROWSE DEBUG OBJECTEXTEND PRINT(.\Listings\main.l
                    -st) TABS(2) OBJECT(.\Objects\main.obj)

line level    source

   1          #include <REGX52.H>
   2          #include "Uart.h"
   3          #include "AT24C02.h"
   4          #include "Delay.h"
   5          #include <string.h>
   6          #include "Timer0_Init.h"
   7          
   8          unsigned char found=0,i=0;
   9          unsigned char rfx_list[20],num_list[4];
  10          unsigned char count=0,temp=0,num_count=0;
  11          char ch;
  12          unsigned short time_count=0;
  13          
  14          void main(){
  15   1      
  16   1        UART_Init();
  17   1        Timer0_Init();
  18   1        while(1){
  19   2          if(found==1){
  20   3            ES = 0; 
  21   3            Uart_SendByte(AT24C02_ReadByte(0));
  22   3            Uart_SendByte(AT24C02_ReadByte(1));
  23   3            Uart_SendByte(AT24C02_ReadByte(2));
  24   3            Uart_SendByte(AT24C02_ReadByte(3));
  25   3            found=0;
  26   3            ES = 1; 
  27   3          }
  28   2          else if(found==2){
  29   3            while(num_count!=4);
  30   3            num_count=0;
  31   3            for(i=0;i<4;i++){
  32   4              AT24C02_WriteByte(i,num_list[i]+0x30);
  33   4              Delay(10);
  34   4            }
  35   3            found=0;
  36   3          }
  37   2          if(time_count>=1000 && count>0){
  38   3            rfx_list[count]='\0';
  39   3            if(strcmp(rfx_list,"READ")==0){
  40   4              found=1;
  41   4            }
  42   3            else if(strcmp(rfx_list,"SET")==0){
  43   4              found=2;
  44   4            }
  45   3      
  46   3            count=0;
  47   3            time_count=0;
  48   3          }
  49   2        }
  50   1      }
  51          
  52          void UART_Routine() interrupt 4{
  53   1        if(RI){
  54   2          RI=0;
C51 COMPILER V9.54   MAIN                                                                  07/13/2026 18:00:13 PAGE 2   

  55   2          ch=SBUF;
  56   2          if(found==2){
  57   3            num_list[num_count]=SBUF;
  58   3            Uart_SendByte(SBUF);
  59   3            num_count++;
  60   3          }
  61   2          else if(ch!='\r' && ch!='\n' && found!=1){
  62   3            Uart_SendByte(ch);
  63   3            rfx_list[count]=ch;
  64   3            count++;
  65   3            }
  66   2          time_count=0;
  67   2        }
  68   1        else{
  69   2          while(!TI);
  70   2          TI=0;
  71   2        }
  72   1        
  73   1      }
  74          
  75          void Timer0_Routine() interrupt 1{
  76   1        TH0=0xFC;
  77   1        TL0=0x18;
  78   1        time_count++;
  79   1      }


MODULE INFORMATION:   STATIC OVERLAYABLE
   CODE SIZE        =    331    ----
   CONSTANT SIZE    =      9    ----
   XDATA SIZE       =   ----    ----
   PDATA SIZE       =   ----    ----
   DATA SIZE        =     32    ----
   IDATA SIZE       =   ----    ----
   BIT SIZE         =   ----    ----
END OF MODULE INFORMATION.


C51 COMPILATION COMPLETE.  0 WARNING(S),  0 ERROR(S)
