C51 COMPILER V9.54   UART                                                                  07/12/2026 11:10:09 PAGE 1   


C51 COMPILER V9.54, COMPILATION OF MODULE UART
OBJECT MODULE PLACED IN .\Objects\Uart.obj
COMPILER INVOKED BY: D:\keil5\C51\BIN\C51.EXE Uart.c OPTIMIZE(8,SPEED) BROWSE DEBUG OBJECTEXTEND PRINT(.\Listings\Uart.l
                    -st) TABS(2) OBJECT(.\Objects\Uart.obj)

line level    source

   1          #include <REGX52.H>
   2          
   3          void UART_Init(){
   4   1        SCON=0x50;
   5   1        PCON=0x80;
   6   1        TMOD&=0x0F;
   7   1        TMOD|=0x20;
   8   1        TR1=1;
   9   1        TH1=0xF4;
  10   1        TL1=0xF4;
  11   1        ET1=0;
  12   1        TI=0;
  13   1        RI=0;
  14   1        EA=1;
  15   1        ES=1;
  16   1      
  17   1      }
  18          
  19          void Uart_SendByte(unsigned char byte){
  20   1        SBUF=byte;
  21   1        while(TI==0);
  22   1        TI=0;
  23   1      }


MODULE INFORMATION:   STATIC OVERLAYABLE
   CODE SIZE        =     39    ----
   CONSTANT SIZE    =   ----    ----
   XDATA SIZE       =   ----    ----
   PDATA SIZE       =   ----    ----
   DATA SIZE        =   ----    ----
   IDATA SIZE       =   ----    ----
   BIT SIZE         =   ----    ----
END OF MODULE INFORMATION.


C51 COMPILATION COMPLETE.  0 WARNING(S),  0 ERROR(S)
